[2024-05-31 14:07:32,181] [INFO] [real_accelerator.py:203:get_accelerator] Setting ds_accelerator to cuda (auto detect)
[93m [WARNING] [0m async_io requires the dev libaio .so object and headers but these were not found.
[93m [WARNING] [0m async_io: please install the libaio-dev package with apt
[93m [WARNING] [0m If libaio is already installed (perhaps from source), try setting the CFLAGS and LDFLAGS environment variables to where it can be found.
[93m [WARNING] [0m Please specify the CUTLASS repo directory as environment variable $CUTLASS_PATH
[93m [WARNING] [0m sparse_attn requires a torch version >= 1.5 and < 2.0 but detected 2.3
[93m [WARNING] [0m using untested triton version (2.3.0), only 1.0.0 is known to be compatible
[2024-05-31 14:07:33,079] [WARNING] [runner.py:202:fetch_hostfile] Unable to find hostfile, will proceed with training with local resources only.
[2024-05-31 14:07:33,079] [INFO] [runner.py:568:main] cmd = /home/chanho/anaconda3/envs/COMEDY/bin/python -u -m deepspeed.launcher.launch --world_info=eyJsb2NhbGhvc3QiOiBbMCwgMV19 --master_addr=127.0.0.1 --master_port=12341 --enable_each_rank_log=None training/EPISODE/main.py --model_name gemma --model_name_or_path /home/chanho/Model/SHARE/Refactorizing/result/output_path --train_data_path /home/chanho/Model/SHARE/Refactorizing/result/dataset/train_without_tag.json --valid_data_path /home/chanho/Model/SHARE/Refactorizing/result/dataset/valid_without_tag.json --per_device_train_batch_size 1 --per_device_eval_batch_size 1 --data_output_path /home/chanho/Model/SHARE/Refactorizing/result/output_path/data --max_seq_len 2048 --learning_rate 1e-5 --weight_decay 0.1 --num_train_epochs 50 --num_train_samples 14255 /home/chanho/Model/SHARE/Refactorizing/result/dataset/train_without_tag.json --gradient_accumulation_steps 1 --lr_scheduler_type cosine --num_warmup_steps 1000 --seed 42 --zero_stage 2 --save_interval 1000 --eval_interval 100 --output_dir /home/chanho/Model/SHARE/Refactorizing/result/output_path/2024-05-31-14.07.29
[2024-05-31 14:07:34,546] [INFO] [real_accelerator.py:203:get_accelerator] Setting ds_accelerator to cuda (auto detect)
[93m [WARNING] [0m async_io requires the dev libaio .so object and headers but these were not found.
[93m [WARNING] [0m async_io: please install the libaio-dev package with apt
[93m [WARNING] [0m If libaio is already installed (perhaps from source), try setting the CFLAGS and LDFLAGS environment variables to where it can be found.
[93m [WARNING] [0m Please specify the CUTLASS repo directory as environment variable $CUTLASS_PATH
[93m [WARNING] [0m sparse_attn requires a torch version >= 1.5 and < 2.0 but detected 2.3
[93m [WARNING] [0m using untested triton version (2.3.0), only 1.0.0 is known to be compatible
[2024-05-31 14:07:35,278] [INFO] [launch.py:146:main] WORLD INFO DICT: {'localhost': [0, 1]}
[2024-05-31 14:07:35,278] [INFO] [launch.py:152:main] nnodes=1, num_local_procs=2, node_rank=0
[2024-05-31 14:07:35,278] [INFO] [launch.py:163:main] global_rank_mapping=defaultdict(<class 'list'>, {'localhost': [0, 1]})
[2024-05-31 14:07:35,278] [INFO] [launch.py:164:main] dist_world_size=2
[2024-05-31 14:07:35,278] [INFO] [launch.py:168:main] Setting CUDA_VISIBLE_DEVICES=0,1
[2024-05-31 14:07:35,278] [INFO] [launch.py:256:main] process 1416642 spawned with command: ['/home/chanho/anaconda3/envs/COMEDY/bin/python', '-u', 'training/EPISODE/main.py', '--local_rank=0', '--model_name', 'gemma', '--model_name_or_path', '/home/chanho/Model/SHARE/Refactorizing/result/output_path', '--train_data_path', '/home/chanho/Model/SHARE/Refactorizing/result/dataset/train_without_tag.json', '--valid_data_path', '/home/chanho/Model/SHARE/Refactorizing/result/dataset/valid_without_tag.json', '--per_device_train_batch_size', '1', '--per_device_eval_batch_size', '1', '--data_output_path', '/home/chanho/Model/SHARE/Refactorizing/result/output_path/data', '--max_seq_len', '2048', '--learning_rate', '1e-5', '--weight_decay', '0.1', '--num_train_epochs', '50', '--num_train_samples', '14255', '/home/chanho/Model/SHARE/Refactorizing/result/dataset/train_without_tag.json', '--gradient_accumulation_steps', '1', '--lr_scheduler_type', 'cosine', '--num_warmup_steps', '1000', '--seed', '42', '--zero_stage', '2', '--save_interval', '1000', '--eval_interval', '100', '--output_dir', '/home/chanho/Model/SHARE/Refactorizing/result/output_path/2024-05-31-14.07.29']
[2024-05-31 14:07:35,279] [INFO] [launch.py:256:main] process 1416643 spawned with command: ['/home/chanho/anaconda3/envs/COMEDY/bin/python', '-u', 'training/EPISODE/main.py', '--local_rank=1', '--model_name', 'gemma', '--model_name_or_path', '/home/chanho/Model/SHARE/Refactorizing/result/output_path', '--train_data_path', '/home/chanho/Model/SHARE/Refactorizing/result/dataset/train_without_tag.json', '--valid_data_path', '/home/chanho/Model/SHARE/Refactorizing/result/dataset/valid_without_tag.json', '--per_device_train_batch_size', '1', '--per_device_eval_batch_size', '1', '--data_output_path', '/home/chanho/Model/SHARE/Refactorizing/result/output_path/data', '--max_seq_len', '2048', '--learning_rate', '1e-5', '--weight_decay', '0.1', '--num_train_epochs', '50', '--num_train_samples', '14255', '/home/chanho/Model/SHARE/Refactorizing/result/dataset/train_without_tag.json', '--gradient_accumulation_steps', '1', '--lr_scheduler_type', 'cosine', '--num_warmup_steps', '1000', '--seed', '42', '--zero_stage', '2', '--save_interval', '1000', '--eval_interval', '100', '--output_dir', '/home/chanho/Model/SHARE/Refactorizing/result/output_path/2024-05-31-14.07.29']
[2024-05-31 14:07:37,859] [INFO] [real_accelerator.py:203:get_accelerator] Setting ds_accelerator to cuda (auto detect)
[2024-05-31 14:07:37,859] [INFO] [real_accelerator.py:203:get_accelerator] Setting ds_accelerator to cuda (auto detect)
[93m [WARNING] [0m async_io requires the dev libaio .so object and headers but these were not found.
[93m [WARNING] [0m async_io requires the dev libaio .so object and headers but these were not found.
[93m [WARNING] [0m async_io: please install the libaio-dev package with apt
[93m [WARNING] [0m If libaio is already installed (perhaps from source), try setting the CFLAGS and LDFLAGS environment variables to where it can be found.
[93m [WARNING] [0m Please specify the CUTLASS repo directory as environment variable $CUTLASS_PATH
[93m [WARNING] [0m async_io: please install the libaio-dev package with apt
[93m [WARNING] [0m If libaio is already installed (perhaps from source), try setting the CFLAGS and LDFLAGS environment variables to where it can be found.
[93m [WARNING] [0m Please specify the CUTLASS repo directory as environment variable $CUTLASS_PATH
[93m [WARNING] [0m sparse_attn requires a torch version >= 1.5 and < 2.0 but detected 2.3
[93m [WARNING] [0m using untested triton version (2.3.0), only 1.0.0 is known to be compatible
[93m [WARNING] [0m sparse_attn requires a torch version >= 1.5 and < 2.0 but detected 2.3
[93m [WARNING] [0m using untested triton version (2.3.0), only 1.0.0 is known to be compatible
/home/chanho/anaconda3/envs/COMEDY/lib/python3.11/site-packages/transformers/deepspeed.py:23: FutureWarning: transformers.deepspeed module is deprecated and will be removed in a future version. Please import deepspeed modules directly from transformers.integrations
  warnings.warn(
Namespace(data_path=['Dahoas/rm-static'], data_split='6,2,2', data_output_path='/home/chanho/Model/SHARE/Refactorizing/result/output_path/data', model_name_or_path='/home/chanho/Model/SHARE/Refactorizing/result/output_path', model_name='gemma', per_device_train_batch_size=1, per_device_eval_batch_size=1, max_seq_len=2048, learning_rate=1e-05, weight_decay=0.1, num_train_epochs=50, gradient_accumulation_steps=1, lr_scheduler_type=<SchedulerType.COSINE: 'cosine'>, num_warmup_steps=1000, output_dir='/home/chanho/Model/SHARE/Refactorizing/result/output_path/2024-05-31-14.07.29', seed=42, local_rank=0, gradient_checkpointing=False, offload=False, zero_stage=2, lora_dim=0, lora_module_name='decoder.layers.', only_optimize_lora=False, save_interval=1000, log_interval=10, eval_interval=100, train_data_path='/home/chanho/Model/SHARE/Refactorizing/result/dataset/train_without_tag.json', valid_data_path='/home/chanho/Model/SHARE/Refactorizing/result/dataset/valid_without_tag.json', num_train_samples=14255, deepspeed=False, deepspeed_config=None, deepscale=False, deepscale_config=None)
['/home/chanho/Model/SHARE/Refactorizing/result/dataset/train_without_tag.json']
[2024-05-31 14:07:38,290] [INFO] [comm.py:637:init_distributed] cdb=None
[2024-05-31 14:07:38,290] [INFO] [comm.py:668:init_distributed] Initializing TorchBackend in DeepSpeed with backend nccl
/home/chanho/anaconda3/envs/COMEDY/lib/python3.11/site-packages/transformers/deepspeed.py:23: FutureWarning: transformers.deepspeed module is deprecated and will be removed in a future version. Please import deepspeed modules directly from transformers.integrations
  warnings.warn(
Namespace(data_path=['Dahoas/rm-static'], data_split='6,2,2', data_output_path='/home/chanho/Model/SHARE/Refactorizing/result/output_path/data', model_name_or_path='/home/chanho/Model/SHARE/Refactorizing/result/output_path', model_name='gemma', per_device_train_batch_size=1, per_device_eval_batch_size=1, max_seq_len=2048, learning_rate=1e-05, weight_decay=0.1, num_train_epochs=50, gradient_accumulation_steps=1, lr_scheduler_type=<SchedulerType.COSINE: 'cosine'>, num_warmup_steps=1000, output_dir='/home/chanho/Model/SHARE/Refactorizing/result/output_path/2024-05-31-14.07.29', seed=42, local_rank=1, gradient_checkpointing=False, offload=False, zero_stage=2, lora_dim=0, lora_module_name='decoder.layers.', only_optimize_lora=False, save_interval=1000, log_interval=10, eval_interval=100, train_data_path='/home/chanho/Model/SHARE/Refactorizing/result/dataset/train_without_tag.json', valid_data_path='/home/chanho/Model/SHARE/Refactorizing/result/dataset/valid_without_tag.json', num_train_samples=14255, deepspeed=False, deepspeed_config=None, deepscale=False, deepscale_config=None)
['/home/chanho/Model/SHARE/Refactorizing/result/dataset/train_without_tag.json']
[2024-05-31 14:07:38,396] [INFO] [comm.py:637:init_distributed] cdb=None
This model is gemma
This model is gemma
/home/chanho/anaconda3/envs/COMEDY/lib/python3.11/site-packages/huggingface_hub/file_download.py:1132: FutureWarning: `resume_download` is deprecated and will be removed in version 1.0.0. Downloads always resume when possible. If you want to force a new download, use `force_download=True`.
  warnings.warn(
/home/chanho/anaconda3/envs/COMEDY/lib/python3.11/site-packages/huggingface_hub/file_download.py:1132: FutureWarning: `resume_download` is deprecated and will be removed in version 1.0.0. Downloads always resume when possible. If you want to force a new download, use `force_download=True`.
  warnings.warn(
`config.hidden_act` is ignored, you should use `config.hidden_activation` instead.
Gemma's activation function will be set to `gelu_pytorch_tanh`. Please, use
`config.hidden_activation` if you want to override this behaviour.
See https://github.com/huggingface/transformers/pull/29402 for more details.
`config.hidden_act` is ignored, you should use `config.hidden_activation` instead.
Gemma's activation function will be set to `gelu_pytorch_tanh`. Please, use
`config.hidden_activation` if you want to override this behaviour.
See https://github.com/huggingface/transformers/pull/29402 for more details.
Loading checkpoint shards:   0%|          | 0/2 [00:00<?, ?it/s]Loading checkpoint shards:   0%|          | 0/2 [00:00<?, ?it/s]Loading checkpoint shards:  50%|█████     | 1/2 [00:01<00:01,  1.33s/it]Loading checkpoint shards:  50%|█████     | 1/2 [00:01<00:01,  1.47s/it]Loading checkpoint shards: 100%|██████████| 2/2 [00:01<00:00,  1.58it/s]Loading checkpoint shards: 100%|██████████| 2/2 [00:01<00:00,  1.36it/s]
Loading checkpoint shards: 100%|██████████| 2/2 [00:01<00:00,  1.46it/s]Loading checkpoint shards: 100%|██████████| 2/2 [00:01<00:00,  1.25it/s]
trainable params: 1,843,200 || all params: 2,508,015,616 || trainable%: 0.073492365368111
trainable params: 1,843,200 || all params: 2,508,015,616 || trainable%: 0.073492365368111
Using /home/chanho/.cache/torch_extensions/py311_cu121 as PyTorch extensions root...
Detected CUDA files, patching ldflags
Emitting ninja build file /home/chanho/.cache/torch_extensions/py311_cu121/fused_adam/build.ninja...
/home/chanho/anaconda3/envs/COMEDY/lib/python3.11/site-packages/torch/utils/cpp_extension.py:1967: UserWarning: TORCH_CUDA_ARCH_LIST is not set, all archs for visible cards are included for compilation. 
If this is not desired, please set os.environ['TORCH_CUDA_ARCH_LIST'].
  warnings.warn(
Building extension module fused_adam...
Allowing ninja to set a default number of workers... (overridable by setting the environment variable MAX_JOBS=N)
ninja: no work to do.
Loading extension module fused_adam...
Time to load fused_adam op: 0.06117725372314453 seconds
[2024-05-31 14:07:43,013] [INFO] [logging.py:96:log_dist] [Rank 0] DeepSpeed info: version=0.14.2, git-hash=unknown, git-branch=unknown
[2024-05-31 14:07:43,014] [INFO] [comm.py:662:init_distributed] Distributed backend already initialized
Using /home/chanho/.cache/torch_extensions/py311_cu121 as PyTorch extensions root...
Detected CUDA files, patching ldflags
Emitting ninja build file /home/chanho/.cache/torch_extensions/py311_cu121/fused_adam/build.ninja...
/home/chanho/anaconda3/envs/COMEDY/lib/python3.11/site-packages/torch/utils/cpp_extension.py:1967: UserWarning: TORCH_CUDA_ARCH_LIST is not set, all archs for visible cards are included for compilation. 
If this is not desired, please set os.environ['TORCH_CUDA_ARCH_LIST'].
  warnings.warn(
Building extension module fused_adam...
Allowing ninja to set a default number of workers... (overridable by setting the environment variable MAX_JOBS=N)
ninja: no work to do.
Loading extension module fused_adam...
Time to load fused_adam op: 0.0666513442993164 seconds
[2024-05-31 14:07:46,412] [INFO] [logging.py:96:log_dist] [Rank 0] DeepSpeed Flops Profiler Enabled: False
[2024-05-31 14:07:46,414] [INFO] [logging.py:96:log_dist] [Rank 0] Using client Optimizer as basic optimizer
[2024-05-31 14:07:46,414] [INFO] [logging.py:96:log_dist] [Rank 0] Removing param_group that has no 'params' in the basic Optimizer
[2024-05-31 14:07:46,417] [INFO] [logging.py:96:log_dist] [Rank 0] DeepSpeed Basic Optimizer = FusedAdam
[2024-05-31 14:07:46,417] [INFO] [utils.py:56:is_zero_supported_optimizer] Checking ZeRO support for optimizer=FusedAdam type=<class 'deepspeed.ops.adam.fused_adam.FusedAdam'>
[2024-05-31 14:07:46,417] [INFO] [logging.py:96:log_dist] [Rank 0] Creating torch.bfloat16 ZeRO stage 2 optimizer
[2024-05-31 14:07:46,417] [INFO] [stage_1_and_2.py:148:__init__] Reduce bucket size 500,000,000
[2024-05-31 14:07:46,417] [INFO] [stage_1_and_2.py:149:__init__] Allgather bucket size 500,000,000
[2024-05-31 14:07:46,417] [INFO] [stage_1_and_2.py:150:__init__] CPU Offload: False
[2024-05-31 14:07:46,418] [INFO] [stage_1_and_2.py:151:__init__] Round robin gradient partitioning: False
[2024-05-31 14:07:46,947] [INFO] [utils.py:779:see_memory_usage] Before initializing optimizer states
[2024-05-31 14:07:46,948] [INFO] [utils.py:780:see_memory_usage] MA 4.68 GB         Max_MA 4.68 GB         CA 4.74 GB         Max_CA 5 GB 
[2024-05-31 14:07:46,948] [INFO] [utils.py:787:see_memory_usage] CPU Virtual Memory:  used = 22.29 GB, percent = 17.7%
[2024-05-31 14:07:47,051] [INFO] [utils.py:779:see_memory_usage] After initializing optimizer states
[2024-05-31 14:07:47,052] [INFO] [utils.py:780:see_memory_usage] MA 4.68 GB         Max_MA 4.68 GB         CA 4.74 GB         Max_CA 5 GB 
[2024-05-31 14:07:47,052] [INFO] [utils.py:787:see_memory_usage] CPU Virtual Memory:  used = 22.31 GB, percent = 17.8%
[2024-05-31 14:07:47,052] [INFO] [stage_1_and_2.py:543:__init__] optimizer state initialized
[2024-05-31 14:07:47,157] [INFO] [utils.py:779:see_memory_usage] After initializing ZeRO optimizer
[2024-05-31 14:07:47,157] [INFO] [utils.py:780:see_memory_usage] MA 4.68 GB         Max_MA 4.68 GB         CA 4.74 GB         Max_CA 5 GB 
[2024-05-31 14:07:47,158] [INFO] [utils.py:787:see_memory_usage] CPU Virtual Memory:  used = 22.33 GB, percent = 17.8%
[2024-05-31 14:07:47,158] [INFO] [logging.py:96:log_dist] [Rank 0] DeepSpeed Final Optimizer = FusedAdam
[2024-05-31 14:07:47,158] [INFO] [logging.py:96:log_dist] [Rank 0] DeepSpeed using client LR scheduler
[2024-05-31 14:07:47,158] [INFO] [logging.py:96:log_dist] [Rank 0] DeepSpeed LR Scheduler = <torch.optim.lr_scheduler.LambdaLR object at 0x7fef9d6ad090>
[2024-05-31 14:07:47,158] [INFO] [logging.py:96:log_dist] [Rank 0] step=0, skipped=0, lr=[0.0], mom=[(0.9, 0.95)]
[2024-05-31 14:07:47,159] [INFO] [config.py:996:print] DeepSpeedEngine configuration:
[2024-05-31 14:07:47,159] [INFO] [config.py:1000:print]   activation_checkpointing_config  {
    "partition_activations": false, 
    "contiguous_memory_optimization": false, 
    "cpu_checkpointing": false, 
    "number_checkpoints": null, 
    "synchronize_checkpoint_boundary": false, 
    "profile": false
}
[2024-05-31 14:07:47,159] [INFO] [config.py:1000:print]   aio_config ................... {'block_size': 1048576, 'queue_depth': 8, 'thread_count': 1, 'single_submit': False, 'overlap_events': True}
[2024-05-31 14:07:47,159] [INFO] [config.py:1000:print]   amp_enabled .................. False
[2024-05-31 14:07:47,159] [INFO] [config.py:1000:print]   amp_params ................... False
[2024-05-31 14:07:47,159] [INFO] [config.py:1000:print]   autotuning_config ............ {
    "enabled": false, 
    "start_step": null, 
    "end_step": null, 
    "metric_path": null, 
    "arg_mappings": null, 
    "metric": "throughput", 
    "model_info": null, 
    "results_dir": "autotuning_results", 
    "exps_dir": "autotuning_exps", 
    "overwrite": true, 
    "fast": true, 
    "start_profile_step": 3, 
    "end_profile_step": 5, 
    "tuner_type": "gridsearch", 
    "tuner_early_stopping": 5, 
    "tuner_num_trials": 50, 
    "model_info_path": null, 
    "mp_size": 1, 
    "max_train_batch_size": null, 
    "min_train_batch_size": 1, 
    "max_train_micro_batch_size_per_gpu": 1.024000e+03, 
    "min_train_micro_batch_size_per_gpu": 1, 
    "num_tuning_micro_batch_sizes": 3
}
[2024-05-31 14:07:47,159] [INFO] [config.py:1000:print]   bfloat16_enabled ............. True
[2024-05-31 14:07:47,159] [INFO] [config.py:1000:print]   bfloat16_immediate_grad_update  False
[2024-05-31 14:07:47,159] [INFO] [config.py:1000:print]   checkpoint_parallel_write_pipeline  False
[2024-05-31 14:07:47,159] [INFO] [config.py:1000:print]   checkpoint_tag_validation_enabled  True
[2024-05-31 14:07:47,159] [INFO] [config.py:1000:print]   checkpoint_tag_validation_fail  False
[2024-05-31 14:07:47,159] [INFO] [config.py:1000:print]   comms_config ................. <deepspeed.comm.config.DeepSpeedCommsConfig object at 0x7fef9d6bd090>
[2024-05-31 14:07:47,159] [INFO] [config.py:1000:print]   communication_data_type ...... None
[2024-05-31 14:07:47,159] [INFO] [config.py:1000:print]   compile_config ............... enabled=False backend='inductor' kwargs={}
[2024-05-31 14:07:47,160] [INFO] [config.py:1000:print]   compression_config ........... {'weight_quantization': {'shared_parameters': {'enabled': False, 'quantizer_kernel': False, 'schedule_offset': 0, 'quantize_groups': 1, 'quantize_verbose': False, 'quantization_type': 'symmetric', 'quantize_weight_in_forward': False, 'rounding': 'nearest', 'fp16_mixed_quantize': False, 'quantize_change_ratio': 0.001}, 'different_groups': {}}, 'activation_quantization': {'shared_parameters': {'enabled': False, 'quantization_type': 'symmetric', 'range_calibration': 'dynamic', 'schedule_offset': 1000}, 'different_groups': {}}, 'sparse_pruning': {'shared_parameters': {'enabled': False, 'method': 'l1', 'schedule_offset': 1000}, 'different_groups': {}}, 'row_pruning': {'shared_parameters': {'enabled': False, 'method': 'l1', 'schedule_offset': 1000}, 'different_groups': {}}, 'head_pruning': {'shared_parameters': {'enabled': False, 'method': 'topk', 'schedule_offset': 1000}, 'different_groups': {}}, 'channel_pruning': {'shared_parameters': {'enabled': False, 'method': 'l1', 'schedule_offset': 1000}, 'different_groups': {}}, 'layer_reduction': {'enabled': False}}
[2024-05-31 14:07:47,160] [INFO] [config.py:1000:print]   curriculum_enabled_legacy .... False
[2024-05-31 14:07:47,160] [INFO] [config.py:1000:print]   curriculum_params_legacy ..... False
[2024-05-31 14:07:47,160] [INFO] [config.py:1000:print]   data_efficiency_config ....... {'enabled': False, 'seed': 1234, 'data_sampling': {'enabled': False, 'num_epochs': 1000, 'num_workers': 0, 'curriculum_learning': {'enabled': False}}, 'data_routing': {'enabled': False, 'random_ltd': {'enabled': False, 'layer_token_lr_schedule': {'enabled': False}}}}
[2024-05-31 14:07:47,160] [INFO] [config.py:1000:print]   data_efficiency_enabled ...... False
[2024-05-31 14:07:47,160] [INFO] [config.py:1000:print]   dataloader_drop_last ......... False
[2024-05-31 14:07:47,160] [INFO] [config.py:1000:print]   disable_allgather ............ False
[2024-05-31 14:07:47,160] [INFO] [config.py:1000:print]   dump_state ................... False
[2024-05-31 14:07:47,160] [INFO] [config.py:1000:print]   dynamic_loss_scale_args ...... None
[2024-05-31 14:07:47,160] [INFO] [config.py:1000:print]   eigenvalue_enabled ........... False
[2024-05-31 14:07:47,160] [INFO] [config.py:1000:print]   eigenvalue_gas_boundary_resolution  1
[2024-05-31 14:07:47,160] [INFO] [config.py:1000:print]   eigenvalue_layer_name ........ bert.encoder.layer
[2024-05-31 14:07:47,160] [INFO] [config.py:1000:print]   eigenvalue_layer_num ......... 0
[2024-05-31 14:07:47,160] [INFO] [config.py:1000:print]   eigenvalue_max_iter .......... 100
[2024-05-31 14:07:47,160] [INFO] [config.py:1000:print]   eigenvalue_stability ......... 1e-06
[2024-05-31 14:07:47,160] [INFO] [config.py:1000:print]   eigenvalue_tol ............... 0.01
[2024-05-31 14:07:47,160] [INFO] [config.py:1000:print]   eigenvalue_verbose ........... False
[2024-05-31 14:07:47,160] [INFO] [config.py:1000:print]   elasticity_enabled ........... False
[2024-05-31 14:07:47,160] [INFO] [config.py:1000:print]   flops_profiler_config ........ {
    "enabled": false, 
    "recompute_fwd_factor": 0.0, 
    "profile_step": 1, 
    "module_depth": -1, 
    "top_modules": 1, 
    "detailed": true, 
    "output_file": null
}
[2024-05-31 14:07:47,160] [INFO] [config.py:1000:print]   fp16_auto_cast ............... None
[2024-05-31 14:07:47,160] [INFO] [config.py:1000:print]   fp16_enabled ................. False
[2024-05-31 14:07:47,160] [INFO] [config.py:1000:print]   fp16_master_weights_and_gradients  False
[2024-05-31 14:07:47,160] [INFO] [config.py:1000:print]   global_rank .................. 0
[2024-05-31 14:07:47,160] [INFO] [config.py:1000:print]   grad_accum_dtype ............. None
[2024-05-31 14:07:47,160] [INFO] [config.py:1000:print]   gradient_accumulation_steps .. 1
[2024-05-31 14:07:47,160] [INFO] [config.py:1000:print]   gradient_clipping ............ 1.0
[2024-05-31 14:07:47,160] [INFO] [config.py:1000:print]   gradient_predivide_factor .... 1.0
[2024-05-31 14:07:47,160] [INFO] [config.py:1000:print]   graph_harvesting ............. False
[2024-05-31 14:07:47,160] [INFO] [config.py:1000:print]   hybrid_engine ................ enabled=False max_out_tokens=512 inference_tp_size=1 release_inference_cache=False pin_parameters=True tp_gather_partition_size=8
[2024-05-31 14:07:47,160] [INFO] [config.py:1000:print]   initial_dynamic_scale ........ 1
[2024-05-31 14:07:47,160] [INFO] [config.py:1000:print]   load_universal_checkpoint .... False
[2024-05-31 14:07:47,160] [INFO] [config.py:1000:print]   loss_scale ................... 1.0
[2024-05-31 14:07:47,160] [INFO] [config.py:1000:print]   memory_breakdown ............. False
[2024-05-31 14:07:47,160] [INFO] [config.py:1000:print]   mics_hierarchial_params_gather  False
[2024-05-31 14:07:47,160] [INFO] [config.py:1000:print]   mics_shard_size .............. -1
[2024-05-31 14:07:47,160] [INFO] [config.py:1000:print]   monitor_config ............... tensorboard=TensorBoardConfig(enabled=False, output_path='', job_name='DeepSpeedJobName') wandb=WandbConfig(enabled=False, group=None, team=None, project='deepspeed') csv_monitor=CSVConfig(enabled=False, output_path='', job_name='DeepSpeedJobName') enabled=False
[2024-05-31 14:07:47,160] [INFO] [config.py:1000:print]   nebula_config ................ {
    "enabled": false, 
    "persistent_storage_path": null, 
    "persistent_time_interval": 100, 
    "num_of_version_in_retention": 2, 
    "enable_nebula_load": true, 
    "load_path": null
}
[2024-05-31 14:07:47,160] [INFO] [config.py:1000:print]   optimizer_legacy_fusion ...... False
[2024-05-31 14:07:47,160] [INFO] [config.py:1000:print]   optimizer_name ............... None
[2024-05-31 14:07:47,160] [INFO] [config.py:1000:print]   optimizer_params ............. None
[2024-05-31 14:07:47,160] [INFO] [config.py:1000:print]   pipeline ..................... {'stages': 'auto', 'partition': 'best', 'seed_layers': False, 'activation_checkpoint_interval': 0, 'pipe_partitioned': True, 'grad_partitioned': True}
[2024-05-31 14:07:47,160] [INFO] [config.py:1000:print]   pld_enabled .................. False
[2024-05-31 14:07:47,160] [INFO] [config.py:1000:print]   pld_params ................... False
[2024-05-31 14:07:47,160] [INFO] [config.py:1000:print]   prescale_gradients ........... False
[2024-05-31 14:07:47,160] [INFO] [config.py:1000:print]   scheduler_name ............... None
[2024-05-31 14:07:47,160] [INFO] [config.py:1000:print]   scheduler_params ............. None
[2024-05-31 14:07:47,160] [INFO] [config.py:1000:print]   seq_parallel_communication_data_type  torch.float32
[2024-05-31 14:07:47,160] [INFO] [config.py:1000:print]   sparse_attention ............. None
[2024-05-31 14:07:47,160] [INFO] [config.py:1000:print]   sparse_gradients_enabled ..... False
[2024-05-31 14:07:47,160] [INFO] [config.py:1000:print]   steps_per_print .............. 10
[2024-05-31 14:07:47,160] [INFO] [config.py:1000:print]   train_batch_size ............. 2
[2024-05-31 14:07:47,160] [INFO] [config.py:1000:print]   train_micro_batch_size_per_gpu  1
[2024-05-31 14:07:47,160] [INFO] [config.py:1000:print]   use_data_before_expert_parallel_  False
[2024-05-31 14:07:47,160] [INFO] [config.py:1000:print]   use_node_local_storage ....... False
[2024-05-31 14:07:47,160] [INFO] [config.py:1000:print]   wall_clock_breakdown ......... False
[2024-05-31 14:07:47,160] [INFO] [config.py:1000:print]   weight_quantization_config ... None
[2024-05-31 14:07:47,160] [INFO] [config.py:1000:print]   world_size ................... 2
[2024-05-31 14:07:47,160] [INFO] [config.py:1000:print]   zero_allow_untested_optimizer  False
[2024-05-31 14:07:47,160] [INFO] [config.py:1000:print]   zero_config .................. stage=2 contiguous_gradients=True reduce_scatter=True reduce_bucket_size=500,000,000 use_multi_rank_bucket_allreduce=True allgather_partitions=True allgather_bucket_size=500,000,000 overlap_comm=False load_from_fp32_weights=True elastic_checkpoint=False offload_param=DeepSpeedZeroOffloadParamConfig(device='none', nvme_path=None, buffer_count=5, buffer_size=100,000,000, max_in_cpu=1,000,000,000, pin_memory=False) offload_optimizer=DeepSpeedZeroOffloadOptimizerConfig(device='none', nvme_path=None, buffer_count=4, pin_memory=False, pipeline=False, pipeline_read=False, pipeline_write=False, fast_init=False, ratio=1.0) sub_group_size=1,000,000,000 cpu_offload_param=None cpu_offload_use_pin_memory=None cpu_offload=None prefetch_bucket_size=30000000 param_persistence_threshold=10000 model_persistence_threshold=sys.maxsize max_live_parameters=30000000 max_reuse_distance=1,000,000,000 gather_16bit_weights_on_model_save=False stage3_gather_fp16_weights_on_model_save=False ignore_unused_parameters=True legacy_stage1=False round_robin_gradients=False zero_hpz_partition_size=1 zero_quantized_weights=False zero_quantized_nontrainable_weights=False zero_quantized_gradients=False mics_shard_size=-1 mics_hierarchical_params_gather=False memory_efficient_linear=False pipeline_loading_checkpoint=False override_module_apply=True
[2024-05-31 14:07:47,160] [INFO] [config.py:1000:print]   zero_enabled ................. True
[2024-05-31 14:07:47,160] [INFO] [config.py:1000:print]   zero_force_ds_cpu_optimizer .. True
[2024-05-31 14:07:47,160] [INFO] [config.py:1000:print]   zero_optimization_stage ...... 2
[2024-05-31 14:07:47,161] [INFO] [config.py:986:print_user_config]   json = {
    "train_batch_size": 2, 
    "train_micro_batch_size_per_gpu": 1, 
    "steps_per_print": 10, 
    "zero_optimization": {
        "stage": 2, 
        "offload_param": {
            "device": "none"
        }, 
        "offload_optimizer": {
            "device": "none"
        }, 
        "stage3_param_persistence_threshold": 1.000000e+04, 
        "stage3_max_live_parameters": 3.000000e+07, 
        "stage3_prefetch_bucket_size": 3.000000e+07, 
        "memory_efficient_linear": false
    }, 
    "bf16": {
        "enabled": true
    }, 
    "gradient_clipping": 1.0, 
    "prescale_gradients": false, 
    "wall_clock_breakdown": false, 
    "hybrid_engine": {
        "enabled": false, 
        "inference_tp_size": 1, 
        "release_inference_cache": false, 
        "pin_parameters": true, 
        "tp_gather_partition_size": 8
    }
}
wandb: Currently logged in as: cksgh0984 (organization-chanho). Use `wandb login --relogin` to force relogin
wandb: Currently logged in as: cksgh0984 (organization-chanho). Use `wandb login --relogin` to force relogin
wandb: wandb version 0.17.0 is available!  To upgrade, please run:
wandb:  $ pip install wandb --upgrade
wandb: Tracking run with wandb version 0.16.6
wandb: Run data is saved locally in /home/chanho/Model/SHARE/Refactorizing/wandb/run-20240531_140747-wv6mn5zn
wandb: Run `wandb offline` to turn off syncing.
wandb: Syncing run peachy-oath-288
wandb: ⭐️ View project at https://wandb.ai/organization-chanho/Shared%20Memory
wandb: 🚀 View run at https://wandb.ai/organization-chanho/Shared%20Memory/runs/wv6mn5zn
wandb: wandb version 0.17.0 is available!  To upgrade, please run:
wandb:  $ pip install wandb --upgrade
wandb: Tracking run with wandb version 0.16.6
wandb: Run data is saved locally in /home/chanho/Model/SHARE/Refactorizing/wandb/run-20240531_140748-uqsjzq69
wandb: Run `wandb offline` to turn off syncing.
wandb: Syncing run deft-dew-289
wandb: ⭐️ View project at https://wandb.ai/organization-chanho/Shared%20Memory
wandb: 🚀 View run at https://wandb.ai/organization-chanho/Shared%20Memory/runs/uqsjzq69
***** Running training *****
***** Evaluating perplexity, Epoch 0/50 *****
Beginning of Epoch 1/50
[2024-05-31 14:07:57,983] [INFO] [logging.py:96:log_dist] [Rank 0] step=10, skipped=0, lr=[1.0000000000000001e-07], mom=[(0.9, 0.95)]
[2024-05-31 14:07:57,984] [INFO] [timer.py:260:stop] epoch=0/micro_step=10/global_step=10, RunningAvgSamplesPerSec=3.386141108756711, CurrSamplesPerSec=3.3726206313998457, MemAllocated=6.65GB, MaxMemAllocated=18.4GB
[2024-05-31 14:08:03,930] [INFO] [logging.py:96:log_dist] [Rank 0] step=20, skipped=0, lr=[2.0000000000000002e-07], mom=[(0.9, 0.95)]
[2024-05-31 14:08:03,931] [INFO] [timer.py:260:stop] epoch=0/micro_step=20/global_step=20, RunningAvgSamplesPerSec=3.379278074303816, CurrSamplesPerSec=3.365306239526805, MemAllocated=6.65GB, MaxMemAllocated=18.4GB
[2024-05-31 14:08:09,871] [INFO] [logging.py:96:log_dist] [Rank 0] step=30, skipped=0, lr=[3.0000000000000004e-07], mom=[(0.9, 0.95)]
[2024-05-31 14:08:09,872] [INFO] [timer.py:260:stop] epoch=0/micro_step=30/global_step=30, RunningAvgSamplesPerSec=3.378972627621404, CurrSamplesPerSec=3.380088098342636, MemAllocated=6.65GB, MaxMemAllocated=18.4GB
[2024-05-31 14:08:15,809] [INFO] [logging.py:96:log_dist] [Rank 0] step=40, skipped=0, lr=[4.0000000000000003e-07], mom=[(0.9, 0.95)]
[2024-05-31 14:08:15,810] [INFO] [timer.py:260:stop] epoch=0/micro_step=40/global_step=40, RunningAvgSamplesPerSec=3.3792393768404203, CurrSamplesPerSec=3.3676921699605806, MemAllocated=6.65GB, MaxMemAllocated=18.4GB
[2024-05-31 14:08:21,776] [INFO] [logging.py:96:log_dist] [Rank 0] step=50, skipped=0, lr=[5.000000000000001e-07], mom=[(0.9, 0.95)]
[2024-05-31 14:08:21,777] [INFO] [timer.py:260:stop] epoch=0/micro_step=50/global_step=50, RunningAvgSamplesPerSec=3.3762231501090985, CurrSamplesPerSec=3.368195186977898, MemAllocated=6.65GB, MaxMemAllocated=18.4GB
[2024-05-31 14:08:27,756] [INFO] [logging.py:96:log_dist] [Rank 0] step=60, skipped=0, lr=[6.000000000000001e-07], mom=[(0.9, 0.95)]
[2024-05-31 14:08:27,757] [INFO] [timer.py:260:stop] epoch=0/micro_step=60/global_step=60, RunningAvgSamplesPerSec=3.3728588286255836, CurrSamplesPerSec=3.3640066152397545, MemAllocated=6.65GB, MaxMemAllocated=18.4GB
[2024-05-31 14:08:33,748] [INFO] [logging.py:96:log_dist] [Rank 0] step=70, skipped=0, lr=[7.000000000000001e-07], mom=[(0.9, 0.95)]
[2024-05-31 14:08:33,749] [INFO] [timer.py:260:stop] epoch=0/micro_step=70/global_step=70, RunningAvgSamplesPerSec=3.3693274054549613, CurrSamplesPerSec=3.343557521721783, MemAllocated=6.65GB, MaxMemAllocated=18.4GB
[2024-05-31 14:08:39,752] [INFO] [logging.py:96:log_dist] [Rank 0] step=80, skipped=0, lr=[8.000000000000001e-07], mom=[(0.9, 0.95)]
[2024-05-31 14:08:39,753] [INFO] [timer.py:260:stop] epoch=0/micro_step=80/global_step=80, RunningAvgSamplesPerSec=3.366004409959812, CurrSamplesPerSec=3.3427314608008665, MemAllocated=6.65GB, MaxMemAllocated=18.4GB
[2024-05-31 14:08:45,751] [INFO] [logging.py:96:log_dist] [Rank 0] step=90, skipped=0, lr=[9.000000000000001e-07], mom=[(0.9, 0.95)]
[2024-05-31 14:08:45,751] [INFO] [timer.py:260:stop] epoch=0/micro_step=90/global_step=90, RunningAvgSamplesPerSec=3.3636818966483877, CurrSamplesPerSec=3.3345767525134717, MemAllocated=6.65GB, MaxMemAllocated=18.4GB
[2024-05-31 14:08:51,767] [INFO] [logging.py:96:log_dist] [Rank 0] step=100, skipped=0, lr=[1.0000000000000002e-06], mom=[(0.9, 0.95)]
[2024-05-31 14:08:51,768] [INFO] [timer.py:260:stop] epoch=0/micro_step=100/global_step=100, RunningAvgSamplesPerSec=3.3609393234985374, CurrSamplesPerSec=3.3186709978751443, MemAllocated=6.65GB, MaxMemAllocated=18.4GB
evaluating model ...
***** Evaluating perplexity, Epoch 1/50 *****
ppl: 1261892.0, loss: 14.047832489013672
[2024-05-31 14:11:36,367] [INFO] [logging.py:96:log_dist] [Rank 0] step=110, skipped=0, lr=[1.1e-06], mom=[(0.9, 0.95)]
[2024-05-31 14:11:36,368] [INFO] [timer.py:260:stop] epoch=0/micro_step=110/global_step=110, RunningAvgSamplesPerSec=3.3543936971779154, CurrSamplesPerSec=3.28206283904464, MemAllocated=6.65GB, MaxMemAllocated=18.4GB
[2024-05-31 14:11:42,475] [INFO] [logging.py:96:log_dist] [Rank 0] step=120, skipped=0, lr=[1.2000000000000002e-06], mom=[(0.9, 0.95)]
[2024-05-31 14:11:42,476] [INFO] [timer.py:260:stop] epoch=0/micro_step=120/global_step=120, RunningAvgSamplesPerSec=3.348529111686405, CurrSamplesPerSec=3.2913888238218383, MemAllocated=6.65GB, MaxMemAllocated=18.4GB
[2024-05-31 14:11:48,579] [INFO] [logging.py:96:log_dist] [Rank 0] step=130, skipped=0, lr=[1.3e-06], mom=[(0.9, 0.95)]
[2024-05-31 14:11:48,580] [INFO] [timer.py:260:stop] epoch=0/micro_step=130/global_step=130, RunningAvgSamplesPerSec=3.3437077991862827, CurrSamplesPerSec=3.281256612985684, MemAllocated=6.65GB, MaxMemAllocated=18.4GB
[2024-05-31 14:11:54,678] [INFO] [logging.py:96:log_dist] [Rank 0] step=140, skipped=0, lr=[1.4000000000000001e-06], mom=[(0.9, 0.95)]
[2024-05-31 14:11:54,679] [INFO] [timer.py:260:stop] epoch=0/micro_step=140/global_step=140, RunningAvgSamplesPerSec=3.339812952825714, CurrSamplesPerSec=3.297123676411631, MemAllocated=6.65GB, MaxMemAllocated=18.4GB
[2024-05-31 14:12:00,772] [INFO] [logging.py:96:log_dist] [Rank 0] step=150, skipped=0, lr=[1.5e-06], mom=[(0.9, 0.95)]
[2024-05-31 14:12:00,773] [INFO] [timer.py:260:stop] epoch=0/micro_step=150/global_step=150, RunningAvgSamplesPerSec=3.3365838720688763, CurrSamplesPerSec=3.29156834139424, MemAllocated=6.65GB, MaxMemAllocated=18.4GB
[2024-05-31 14:12:06,888] [INFO] [logging.py:96:log_dist] [Rank 0] step=160, skipped=0, lr=[1.6000000000000001e-06], mom=[(0.9, 0.95)]
[2024-05-31 14:12:06,889] [INFO] [timer.py:260:stop] epoch=0/micro_step=160/global_step=160, RunningAvgSamplesPerSec=3.333147564979148, CurrSamplesPerSec=3.2717543413516967, MemAllocated=6.65GB, MaxMemAllocated=18.4GB
[2024-05-31 14:12:12,999] [INFO] [logging.py:96:log_dist] [Rank 0] step=170, skipped=0, lr=[1.7000000000000002e-06], mom=[(0.9, 0.95)]
[2024-05-31 14:12:13,000] [INFO] [timer.py:260:stop] epoch=0/micro_step=170/global_step=170, RunningAvgSamplesPerSec=3.330291199503544, CurrSamplesPerSec=3.2748990234574773, MemAllocated=6.65GB, MaxMemAllocated=18.4GB
[2024-05-31 14:12:19,108] [INFO] [logging.py:96:log_dist] [Rank 0] step=180, skipped=0, lr=[1.8000000000000001e-06], mom=[(0.9, 0.95)]
[2024-05-31 14:12:19,109] [INFO] [timer.py:260:stop] epoch=0/micro_step=180/global_step=180, RunningAvgSamplesPerSec=3.3278130116918305, CurrSamplesPerSec=3.276394290238279, MemAllocated=6.65GB, MaxMemAllocated=18.4GB
[2024-05-31 14:12:25,219] [INFO] [logging.py:96:log_dist] [Rank 0] step=190, skipped=0, lr=[1.9000000000000002e-06], mom=[(0.9, 0.95)]
[2024-05-31 14:12:25,220] [INFO] [timer.py:260:stop] epoch=0/micro_step=190/global_step=190, RunningAvgSamplesPerSec=3.3255092861866964, CurrSamplesPerSec=3.2839040079672355, MemAllocated=6.65GB, MaxMemAllocated=18.4GB
[2024-05-31 14:12:31,326] [INFO] [logging.py:96:log_dist] [Rank 0] step=200, skipped=0, lr=[2.0000000000000003e-06], mom=[(0.9, 0.95)]
[2024-05-31 14:12:31,326] [INFO] [timer.py:260:stop] epoch=0/micro_step=200/global_step=200, RunningAvgSamplesPerSec=3.323587786076242, CurrSamplesPerSec=3.285338028869558, MemAllocated=6.65GB, MaxMemAllocated=18.4GB
evaluating model ...
***** Evaluating perplexity, Epoch 1/50 *****
[2024-05-31 14:14:16,328] [INFO] [launch.py:319:sigkill_handler] Killing subprocess 1416642
[2024-05-31 14:14:16,329] [INFO] [launch.py:319:sigkill_handler] Killing subprocess 1416643
[2024-05-31 14:14:16,565] [ERROR] [launch.py:325:sigkill_handler] ['/home/chanho/anaconda3/envs/COMEDY/bin/python', '-u', 'training/EPISODE/main.py', '--local_rank=1', '--model_name', 'gemma', '--model_name_or_path', '/home/chanho/Model/SHARE/Refactorizing/result/output_path', '--train_data_path', '/home/chanho/Model/SHARE/Refactorizing/result/dataset/train_without_tag.json', '--valid_data_path', '/home/chanho/Model/SHARE/Refactorizing/result/dataset/valid_without_tag.json', '--per_device_train_batch_size', '1', '--per_device_eval_batch_size', '1', '--data_output_path', '/home/chanho/Model/SHARE/Refactorizing/result/output_path/data', '--max_seq_len', '2048', '--learning_rate', '1e-5', '--weight_decay', '0.1', '--num_train_epochs', '50', '--num_train_samples', '14255', '/home/chanho/Model/SHARE/Refactorizing/result/dataset/train_without_tag.json', '--gradient_accumulation_steps', '1', '--lr_scheduler_type', 'cosine', '--num_warmup_steps', '1000', '--seed', '42', '--zero_stage', '2', '--save_interval', '1000', '--eval_interval', '100', '--output_dir', '/home/chanho/Model/SHARE/Refactorizing/result/output_path/2024-05-31-14.07.29'] exits with return code = -9
